[Mon, 09 Apr 2012 08:57:20 GMT] INFO Server starting with config: {
  "environment": "development",
  "workers": 1,
  "port": 4000,
  "debug": true,
  "rotateWorkers": false,
  "rotationWindow": 7200000,
  "rotationTimeout": 300000,
  "logDir": "/Users/james/Projects/todo/log",
  "gracefulShutdownTimeout": 30000,
  "heartbeatInterval": 5000,
  "heartbeatWindow": 20000,
  "staticFilePath": "/Users/james/Projects/todo/public",
  "sessions": {
    "store": "memory",
    "key": "sid",
    "expiry": 1209600
  },
  "cookieSessionKey": "sdata",
  "metrics": null,
  "i18n": {
    "defaultLocale": "en-us",
    "loadPaths": [
      "/Users/james/Projects/todo/config/locales"
    ]
  },
  "ssl": null,
  "model": {
    "useTimestamps": false,
    "forceCamel": true
  },
  "detailedErrors": true,
  "hostname": null
}
[Mon, 09 Apr 2012 08:57:20 GMT] INFO Creating 1 worker process.
[Mon, 09 Apr 2012 08:57:20 GMT] INFO Server worker running in development on port 4000 with a PID of: 24758
[Mon, 09 Apr 2012 08:57:20 GMT] DEBUG LOGGING STARTED ============================================
[Mon, 09 Apr 2012 08:57:20 GMT] DEBUG ============================================================
[Mon, 09 Apr 2012 08:59:35 GMT] INFO Creating 1 worker process.
[Mon, 09 Apr 2012 08:59:35 GMT] INFO Server worker running in development on port 4000 with a PID of: 24767
[Mon, 09 Apr 2012 08:59:35 GMT] DEBUG LOGGING STARTED ============================================
[Mon, 09 Apr 2012 08:59:35 GMT] DEBUG ============================================================
[Mon, 09 Apr 2012 09:00:00 GMT] INFO Creating 1 worker process.
[Mon, 09 Apr 2012 09:00:01 GMT] INFO Server worker running in development on port 4000 with a PID of: 24768
[Mon, 09 Apr 2012 09:00:01 GMT] DEBUG LOGGING STARTED ============================================
[Mon, 09 Apr 2012 09:00:01 GMT] DEBUG ============================================================
[Mon, 09 Apr 2012 09:00:40 GMT] INFO Creating 1 worker process.
[Mon, 09 Apr 2012 09:00:41 GMT] INFO Server worker running in development on port 4000 with a PID of: 24771
[Mon, 09 Apr 2012 09:00:41 GMT] DEBUG LOGGING STARTED ============================================
[Mon, 09 Apr 2012 09:00:41 GMT] DEBUG ============================================================
[Mon, 09 Apr 2012 09:01:15 GMT] INFO Creating 1 worker process.
[Mon, 09 Apr 2012 09:01:16 GMT] INFO Server worker running in development on port 4000 with a PID of: 24773
[Mon, 09 Apr 2012 09:01:16 GMT] DEBUG LOGGING STARTED ============================================
[Mon, 09 Apr 2012 09:01:16 GMT] DEBUG ============================================================
[Mon, 09 Apr 2012 09:12:32 GMT] INFO Creating 1 worker process.
[Mon, 09 Apr 2012 09:12:52 GMT] INFO Creating 1 worker process.
[Mon, 09 Apr 2012 09:15:37 GMT] INFO Creating 1 worker process.
[Mon, 09 Apr 2012 09:15:37 GMT] INFO Server worker running in development on port 4000 with a PID of: 24821
[Mon, 09 Apr 2012 09:15:37 GMT] DEBUG LOGGING STARTED ============================================
[Mon, 09 Apr 2012 09:15:37 GMT] DEBUG ============================================================
[Mon, 09 Apr 2012 09:17:12 GMT] INFO Creating 1 worker process.
[Mon, 09 Apr 2012 09:17:12 GMT] INFO Server worker running in development on port 4000 with a PID of: 24826
[Mon, 09 Apr 2012 09:17:12 GMT] DEBUG LOGGING STARTED ============================================
[Mon, 09 Apr 2012 09:17:12 GMT] DEBUG ============================================================
[Mon, 09 Apr 2012 09:18:37 GMT] INFO Creating 1 worker process.
[Mon, 09 Apr 2012 09:18:37 GMT] INFO Server worker running in development on port 4000 with a PID of: 24838
[Mon, 09 Apr 2012 09:18:37 GMT] DEBUG LOGGING STARTED ============================================
[Mon, 09 Apr 2012 09:18:37 GMT] DEBUG ============================================================
[Mon, 09 Apr 2012 09:23:58 GMT] INFO Creating 1 worker process.
[Mon, 09 Apr 2012 09:23:58 GMT] INFO Server worker running in development on port 4000 with a PID of: 24854
[Mon, 09 Apr 2012 09:23:58 GMT] DEBUG LOGGING STARTED ============================================
[Mon, 09 Apr 2012 09:23:58 GMT] DEBUG ============================================================
[Mon, 09 Apr 2012 09:25:38 GMT] INFO Creating 1 worker process.
[Mon, 09 Apr 2012 09:25:38 GMT] INFO Server worker running in development on port 4000 with a PID of: 24859
[Mon, 09 Apr 2012 09:25:38 GMT] DEBUG LOGGING STARTED ============================================
[Mon, 09 Apr 2012 09:25:38 GMT] DEBUG ============================================================
[Mon, 09 Apr 2012 09:29:13 GMT] INFO Creating 1 worker process.
[Mon, 09 Apr 2012 09:29:13 GMT] INFO Server worker running in development on port 4000 with a PID of: 24873
[Mon, 09 Apr 2012 09:29:13 GMT] DEBUG LOGGING STARTED ============================================
[Mon, 09 Apr 2012 09:29:13 GMT] DEBUG ============================================================
[Mon, 09 Apr 2012 09:31:33 GMT] INFO Creating 1 worker process.
[Mon, 09 Apr 2012 09:31:33 GMT] INFO Server worker running in development on port 4000 with a PID of: 24879
[Mon, 09 Apr 2012 09:31:33 GMT] DEBUG LOGGING STARTED ============================================
[Mon, 09 Apr 2012 09:31:33 GMT] DEBUG ============================================================
